<?xml version="1.0" encoding="UTF-8"?>
<testsuite name="demo.ProductCatalogueTest" tests="1" skipped="0" failures="0" errors="0" timestamp="2020-06-16T15:51:20" hostname="Vitaliis-MacBook-Pro.local" time="0.002">
  <properties/>
  <testcase name="shouldOnlyHoldUniqueProducts" classname="demo.ProductCatalogueTest" time="0.002"/>
  <system-out><![CDATA[]]></system-out>
  <system-err><![CDATA[]]></system-err>
</testsuite>
