<?xml version="1.0" encoding="UTF-8"?>
<testsuite name="demo.ShipmentTest" tests="4" skipped="0" failures="0" errors="0" timestamp="2020-06-16T15:51:20" hostname="Vitaliis-MacBook-Pro.local" time="0.005">
  <properties/>
  <testcase name="shouldNotReplaceMissingItems" classname="demo.ShipmentTest" time="0.004"/>
  <testcase name="shouldReplaceItems" classname="demo.ShipmentTest" time="0.0"/>
  <testcase name="shouldIdentifyVanRequirements" classname="demo.ShipmentTest" time="0.0"/>
  <testcase name="shouldAddItems" classname="demo.ShipmentTest" time="0.0"/>
  <system-out><![CDATA[]]></system-out>
  <system-err><![CDATA[]]></system-err>
</testsuite>
